#-----------------------------------------------------------
# Vivado v2018.2 (64-bit)
# SW Build 2258646 on Thu Jun 14 20:03:12 MDT 2018
# IP Build 2256618 on Thu Jun 14 22:10:49 MDT 2018
# Start of session at: Tue Feb 17 21:25:47 2026
# Process ID: 5680
# Current directory: D:/HiraHameed/2024-EE056_Hira_Hameed/lab1/Misc/project_1
# Command line: vivado.exe -gui_launcher_event rodinguilauncherevent17512 D:\HiraHameed\2024-EE056_Hira_Hameed\lab1\Misc\project_1\project_1.xpr
# Log file: D:/HiraHameed/2024-EE056_Hira_Hameed/lab1/Misc/project_1/vivado.log
# Journal file: D:/HiraHameed/2024-EE056_Hira_Hameed/lab1/Misc/project_1\vivado.jou
#-----------------------------------------------------------
start_gui
open_project D:/HiraHameed/2024-EE056_Hira_Hameed/lab1/Misc/project_1/project_1.xpr
INFO: [Project 1-313] Project file moved from 'D:/HiraHameed/UET/lab1/Misc/project_1' since last save.
Scanning sources...
Finished scanning sources
INFO: [IP_Flow 19-234] Refreshing IP repositories
INFO: [IP_Flow 19-1704] No user IP repositories specified
INFO: [IP_Flow 19-2313] Loaded Vivado IP repository 'D:/Xilinx/Vivado/2018.2/data/ip'.
open_project: Time (s): cpu = 00:00:20 ; elapsed = 00:00:11 . Memory (MB): peak = 917.488 ; gain = 165.676
update_compile_order -fileset sources_1
exit
INFO: [Common 17-206] Exiting Vivado at Tue Feb 17 21:33:58 2026...
